
09:19:35.426 [info] Loading 71 CA(s) from :otp store

15:11:41.438 [info] Loading 71 CA(s) from :otp store

15:11:43.248 id=0 [debug] handled request client -> server initialize in 1298ms

15:11:43.304 [debug] sent notification server -> client window/logMessage

15:11:43.369 [debug] NextLS v0.22.8 has initialized!

15:11:43.369 [debug] sent notification server -> client window/logMessage

15:11:43.369 [debug] Log file located at g:/source/elixir/g1/bck_gammon_app/.elixir-tools/next-ls.log

15:11:43.391 [debug] sent notification server -> client window/logMessage

15:11:43.391 [info] [extension] Credo initializing with options %NextLS.InitOpts.Extensions.Credo{enable: true, cli_options: []}

15:11:43.392 id=67 [debug] sent request server -> client client/registerCapability

15:11:44.886 [debug] sent notification server -> client window/showMessage

15:11:44.907 [debug] sent notification server -> client window/logMessage

15:11:44.907 [info] Downloaded 0.23.2 of Next LS

15:11:48.115 [debug] sent notification server -> client window/logMessage

15:11:48.115 [debug] Booting runtimes...

15:11:48.139 id=195 [debug] sent request server -> client window/workDoneProgress/create

15:11:48.179 [debug] sent notification server -> client $/progress

15:11:48.359 [debug] sent notification server -> client window/logMessage

15:11:48.359 [info] Beginning DB migration...

15:11:48.435 [debug] sent notification server -> client window/logMessage

15:11:48.435 [info] Database is being upgraded from version 0 to 7.

This will trigger a full recompilation in order to re-index your codebase.


15:11:48.467 [debug] sent notification server -> client window/logMessage

15:11:48.468 [info] Finished DB migration...

15:11:48.504 [error] ** (MatchError) no match of right hand side value: {:error, {:shutdown, {:failed_to_start_child, NextLS.Runtime, {:badarg, [{NextLS.Runtime, :init, 1, [file: ~c"lib/next_ls/runtime.ex", line: 134, error_info: %{cause: {1, :binary, :type, nil}, function: :format_bs_fail, module: :erl_erts_errors}]}, {:gen_server, :init_it, 2, [file: ~c"gen_server.erl", line: 980]}, {:gen_server, :init_it, 6, [file: ~c"gen_server.erl", line: 935]}, {:proc_lib, :init_p_do_apply, 3, [file: ~c"proc_lib.erl", line: 241]}]}}}}
    (next_ls 0.22.8) lib/next_ls.ex:924: anonymous fn/5 in NextLS.handle_notification/2
    (elixir 1.17.0-dev) lib/enum.ex:2531: Enum."-reduce/3-lists^foldl/2-0-"/3
    (next_ls 0.22.8) lib/next_ls.ex:919: NextLS.handle_notification/2
    (gen_lsp 0.10.0) lib/gen_lsp.ex:478: anonymous fn/2 in GenLSP.loop/3
    (telemetry 1.2.1) /Users/runner/work/next-ls/next-ls/deps/telemetry/src/telemetry.erl:321: :telemetry.span/3
    (gen_lsp 0.10.0) lib/gen_lsp.ex:474: anonymous fn/7 in GenLSP.loop/3
    (gen_lsp 0.10.0) lib/gen_lsp.ex:553: GenLSP.attempt/4
    (stdlib 5.2) proc_lib.erl:241: :proc_lib.init_p_do_apply/3


15:11:48.504 [debug] sent notification server -> client window/logMessage

15:11:48.528 [debug] handled notification client -> server textDocument/didOpen in 23ms

15:11:48.528 [debug] handled notification client -> server textDocument/didOpen in 410µs

15:11:48.528 [debug] handled notification client -> server textDocument/didOpen in 308µs

15:11:48.631 id=1 [debug] handled request client -> server textDocument/documentSymbol in 102ms

15:11:48.824 id=2 [debug] handled request client -> server textDocument/codeAction in 193ms

15:11:48.826 id=3 [debug] handled request client -> server textDocument/documentSymbol in 1ms

15:11:48.842 [debug] handled notification client -> server $/cancelRequest in 16ms

15:11:48.842 [debug] handled notification client -> server $/cancelRequest in 0µs

15:11:48.842 [debug] handled notification client -> server $/cancelRequest in 103µs

15:11:48.843 id=4 [debug] handled request client -> server textDocument/documentSymbol in 921µs

15:11:48.843 id=5 [debug] handled request client -> server textDocument/codeAction in 205µs

15:11:48.844 id=6 [debug] handled request client -> server textDocument/documentSymbol in 922µs

15:11:50.136 id=7 [debug] handled request client -> server textDocument/codeAction in 102µs

15:12:07.713 id=8 [debug] handled request client -> server textDocument/codeAction in 205µs

15:14:55.693 id=9 [debug] handled request client -> server textDocument/codeAction in 205µs

15:15:39.884 id=10 [debug] handled request client -> server textDocument/codeAction in 205µs

15:16:14.828 id=11 [debug] handled request client -> server textDocument/codeAction in 205µs

15:16:17.497 id=12 [debug] handled request client -> server textDocument/codeAction in 205µs

15:16:18.279 id=13 [debug] handled request client -> server textDocument/codeAction in 307µs

15:16:18.613 id=14 [debug] handled request client -> server textDocument/codeAction in 102µs

15:16:20.925 id=15 [debug] handled request client -> server textDocument/codeAction in 307µs

15:16:21.715 [debug] handled notification client -> server textDocument/didChange in 33ms

15:16:21.775 id=16 [debug] handled request client -> server textDocument/documentSymbol in 1ms

15:16:22.828 id=17 [debug] handled request client -> server textDocument/codeAction in 307µs

15:16:23.198 id=18 [debug] handled request client -> server textDocument/codeAction in 204µs

15:16:24.189 [debug] handled notification client -> server textDocument/didChange in 307µs

15:16:24.299 id=19 [debug] handled request client -> server textDocument/documentSymbol in 1ms

15:16:26.728 id=20 [debug] handled request client -> server textDocument/documentSymbol in 921µs

15:18:34.141 [debug] handled notification client -> server textDocument/didChange in 614µs

15:18:34.141 id=21 [debug] handled request client -> server textDocument/codeAction in 205µs

15:18:34.259 id=22 [debug] handled request client -> server textDocument/documentSymbol in 1ms

15:18:34.457 id=23 [debug] handled request client -> server textDocument/codeAction in 204µs

15:18:35.757 id=24 [debug] handled request client -> server textDocument/documentSymbol in 1ms

15:18:36.281 [debug] handled notification client -> server textDocument/didChange in 409µs

15:18:36.380 id=25 [debug] handled request client -> server textDocument/documentSymbol in 1ms

15:18:37.431 id=26 [debug] handled request client -> server textDocument/documentSymbol in 1ms

15:18:43.083 [debug] handled notification client -> server textDocument/didChange in 307µs

15:18:43.083 id=27 [debug] handled request client -> server textDocument/codeAction in 204µs

15:18:43.195 id=28 [debug] handled request client -> server textDocument/documentSymbol in 1ms

15:18:43.386 id=29 [debug] handled request client -> server textDocument/codeAction in 205µs

15:18:43.949 id=30 [debug] handled request client -> server textDocument/documentSymbol in 1ms

15:18:48.580 id=31 [debug] handled request client -> server textDocument/codeAction in 409µs

15:18:49.953 id=32 [debug] handled request client -> server textDocument/codeAction in 205µs

15:18:50.712 [debug] handled notification client -> server textDocument/didChange in 410µs

15:18:50.712 id=33 [debug] handled request client -> server textDocument/codeAction in 205µs

15:18:50.819 id=34 [debug] handled request client -> server textDocument/documentSymbol in 1ms

15:18:51.019 id=35 [debug] handled request client -> server textDocument/codeAction in 205µs

15:18:51.389 id=36 [debug] handled request client -> server textDocument/documentSymbol in 1ms

15:18:51.919 id=37 [debug] handled request client -> server textDocument/codeAction in 205µs

15:18:53.356 [debug] handled notification client -> server textDocument/didChange in 307µs

15:18:53.487 id=38 [debug] handled request client -> server textDocument/documentSymbol in 1ms

15:18:53.489 id=39 [debug] handled request client -> server textDocument/documentSymbol in 1ms

15:18:54.590 [debug] handled notification client -> server textDocument/didChange in 410µs

15:18:54.683 id=40 [debug] handled request client -> server textDocument/documentSymbol in 1ms

15:18:54.690 id=41 [debug] handled request client -> server textDocument/documentSymbol in 1ms

15:18:56.817 [debug] handled notification client -> server textDocument/didChange in 614µs

15:18:56.925 id=42 [debug] handled request client -> server textDocument/documentSymbol in 1ms

15:18:56.926 id=43 [debug] handled request client -> server textDocument/documentSymbol in 1ms

15:18:59.030 [debug] handled notification client -> server textDocument/didChange in 307µs

15:18:59.140 id=44 [debug] handled request client -> server textDocument/documentSymbol in 1ms

15:18:59.141 id=45 [debug] handled request client -> server textDocument/documentSymbol in 922µs

15:19:00.931 [debug] handled notification client -> server textDocument/didChange in 307µs

15:19:01.197 [debug] handled notification client -> server textDocument/didChange in 409µs

15:19:01.295 [debug] handled notification client -> server textDocument/didChange in 717µs

15:19:01.297 id=46 [debug] handled request client -> server textDocument/documentSymbol in 1ms

15:19:01.297 [debug] handled notification client -> server $/cancelRequest in 0µs

15:19:01.725 [debug] handled notification client -> server textDocument/didChange in 512µs

15:19:02.455 [debug] handled notification client -> server textDocument/didChange in 410µs

15:19:02.548 id=47 [debug] handled request client -> server textDocument/documentSymbol in 1ms

15:19:02.560 id=48 [debug] handled request client -> server textDocument/documentSymbol in 1ms

15:19:08.848 [error] ** (FunctionClauseError) no function clause matching in List.first/2
    (elixir 1.17.0-dev) lib/list.ex:293: List.first(:timeout, nil)
    (next_ls 0.22.8) lib/next_ls.ex:272: NextLS.handle_request/2
    (gen_lsp 0.10.0) lib/gen_lsp.ex:350: anonymous fn/2 in GenLSP.loop/3
    (telemetry 1.2.1) /Users/runner/work/next-ls/next-ls/deps/telemetry/src/telemetry.erl:321: :telemetry.span/3
    (gen_lsp 0.10.0) lib/gen_lsp.ex:349: anonymous fn/7 in GenLSP.loop/3
    (gen_lsp 0.10.0) lib/gen_lsp.ex:553: GenLSP.attempt/4
    (stdlib 5.2) proc_lib.erl:241: :proc_lib.init_p_do_apply/3


15:19:08.848 [debug] sent notification server -> client window/logMessage

15:19:08.856 [debug] handled notification client -> server $/cancelRequest in 0µs

15:19:09.867 [error] ** (FunctionClauseError) no function clause matching in List.first/2
    (elixir 1.17.0-dev) lib/list.ex:293: List.first(:timeout, nil)
    (next_ls 0.22.8) lib/next_ls.ex:272: NextLS.handle_request/2
    (gen_lsp 0.10.0) lib/gen_lsp.ex:350: anonymous fn/2 in GenLSP.loop/3
    (telemetry 1.2.1) /Users/runner/work/next-ls/next-ls/deps/telemetry/src/telemetry.erl:321: :telemetry.span/3
    (gen_lsp 0.10.0) lib/gen_lsp.ex:349: anonymous fn/7 in GenLSP.loop/3
    (gen_lsp 0.10.0) lib/gen_lsp.ex:553: GenLSP.attempt/4
    (stdlib 5.2) proc_lib.erl:241: :proc_lib.init_p_do_apply/3


15:19:09.867 [debug] sent notification server -> client window/logMessage

15:19:09.867 id=51 [debug] handled request client -> server textDocument/codeAction in 205µs

15:19:09.963 id=52 [debug] handled request client -> server textDocument/codeAction in 205µs

15:19:11.090 [debug] handled notification client -> server textDocument/didChange in 410µs

15:19:11.184 id=53 [debug] handled request client -> server textDocument/documentSymbol in 1ms

15:19:11.199 id=54 [debug] handled request client -> server textDocument/documentSymbol in 1ms

15:19:11.815 [debug] handled notification client -> server textDocument/didChange in 512µs

15:19:11.815 id=55 [debug] handled request client -> server textDocument/codeAction in 205µs

15:19:11.915 id=56 [debug] handled request client -> server textDocument/documentSymbol in 1ms

15:19:11.918 id=57 [debug] handled request client -> server textDocument/documentSymbol in 1ms

15:19:12.132 id=58 [debug] handled request client -> server textDocument/codeAction in 204µs

15:19:13.383 id=59 [debug] handled request client -> server textDocument/codeAction in 308µs

15:19:14.913 id=60 [debug] handled request client -> server textDocument/codeAction in 205µs

15:19:15.174 id=61 [debug] handled request client -> server textDocument/codeAction in 205µs

15:19:15.792 id=62 [debug] handled request client -> server textDocument/codeAction in 205µs

15:19:17.264 [debug] handled notification client -> server textDocument/didChange in 615µs

15:19:17.264 id=63 [debug] handled request client -> server textDocument/codeAction in 204µs

15:19:17.369 id=64 [debug] handled request client -> server textDocument/documentSymbol in 1ms

15:19:17.370 id=65 [debug] handled request client -> server textDocument/documentSymbol in 1ms

15:19:17.588 id=66 [debug] handled request client -> server textDocument/codeAction in 102µs

15:19:17.970 [debug] handled notification client -> server textDocument/didChange in 307µs

15:19:17.970 id=67 [debug] handled request client -> server textDocument/codeAction in 102µs

15:19:18.069 id=68 [debug] handled request client -> server textDocument/documentSymbol in 1ms

15:19:18.069 id=69 [debug] handled request client -> server textDocument/documentSymbol in 1ms

15:19:18.287 id=70 [debug] handled request client -> server textDocument/codeAction in 205µs

15:19:18.703 [debug] handled notification client -> server textDocument/didChange in 615µs

15:19:18.703 id=71 [debug] handled request client -> server textDocument/codeAction in 307µs

15:19:18.803 id=72 [debug] handled request client -> server textDocument/documentSymbol in 1ms

15:19:18.804 id=73 [debug] handled request client -> server textDocument/documentSymbol in 1ms

15:19:19.034 id=74 [debug] handled request client -> server textDocument/codeAction in 205µs

15:19:28.608 id=75 [debug] handled request client -> server textDocument/codeAction in 102µs

15:19:29.738 [debug] handled notification client -> server textDocument/didChange in 512µs

15:19:29.841 id=76 [debug] handled request client -> server textDocument/documentSymbol in 1ms

15:19:29.880 id=77 [debug] handled request client -> server textDocument/documentSymbol in 1ms

15:19:30.242 [debug] handled notification client -> server textDocument/didChange in 512µs

15:19:30.242 id=78 [debug] handled request client -> server textDocument/codeAction in 205µs

15:19:30.339 id=79 [debug] handled request client -> server textDocument/documentSymbol in 1ms

15:19:30.344 id=80 [debug] handled request client -> server textDocument/documentSymbol in 1ms

15:19:30.554 id=81 [debug] handled request client -> server textDocument/codeAction in 102µs

15:19:31.236 id=82 [debug] handled request client -> server textDocument/codeAction in 205µs

15:19:31.676 [debug] handled notification client -> server textDocument/didChange in 512µs

15:19:31.676 id=83 [debug] handled request client -> server textDocument/codeAction in 205µs

15:19:31.777 id=84 [debug] handled request client -> server textDocument/documentSymbol in 1ms

15:19:31.781 id=85 [debug] handled request client -> server textDocument/documentSymbol in 922µs

15:19:31.993 id=86 [debug] handled request client -> server textDocument/codeAction in 307µs

15:19:32.953 id=87 [debug] handled request client -> server textDocument/codeAction in 103µs

15:19:34.023 id=88 [debug] handled request client -> server textDocument/codeAction in 307µs

15:19:34.708 id=89 [debug] handled request client -> server textDocument/codeAction in 205µs

15:19:35.111 id=90 [debug] handled request client -> server textDocument/codeAction in 307µs

15:19:36.712 [debug] handled notification client -> server textDocument/didChange in 512µs

15:19:36.712 id=91 [debug] handled request client -> server textDocument/codeAction in 103µs

15:19:36.812 id=92 [debug] handled request client -> server textDocument/documentSymbol in 1ms

15:19:36.813 id=93 [debug] handled request client -> server textDocument/documentSymbol in 922µs

15:19:37.033 id=94 [debug] handled request client -> server textDocument/codeAction in 307µs

15:19:37.295 [debug] handled notification client -> server textDocument/didChange in 410µs

15:19:37.295 id=95 [debug] handled request client -> server textDocument/codeAction in 205µs

15:19:37.403 id=96 [debug] handled request client -> server textDocument/documentSymbol in 1ms

15:19:37.404 id=97 [debug] handled request client -> server textDocument/documentSymbol in 1ms

15:19:37.854 [debug] handled notification client -> server textDocument/didChange in 512µs

15:19:37.854 id=98 [debug] handled request client -> server textDocument/codeAction in 204µs

15:19:37.962 id=99 [debug] handled request client -> server textDocument/documentSymbol in 1ms

15:19:37.966 id=100 [debug] handled request client -> server textDocument/documentSymbol in 1ms

15:19:38.180 id=101 [debug] handled request client -> server textDocument/codeAction in 307µs

15:20:07.774 id=102 [debug] handled request client -> server textDocument/codeAction in 205µs

15:20:10.862 id=103 [debug] handled request client -> server textDocument/codeAction in 307µs

15:20:11.410 [debug] handled notification client -> server textDocument/didChange in 409µs

15:20:11.518 id=104 [debug] handled request client -> server textDocument/documentSymbol in 1ms

15:20:11.523 id=105 [debug] handled request client -> server textDocument/documentSymbol in 1ms

15:20:14.583 id=106 [debug] handled request client -> server textDocument/codeAction in 205µs

15:20:15.083 [debug] handled notification client -> server textDocument/didChange in 615µs

15:20:15.192 id=107 [debug] handled request client -> server textDocument/documentSymbol in 1ms

15:20:15.193 id=108 [debug] handled request client -> server textDocument/documentSymbol in 1ms

15:20:16.801 [debug] handled notification client -> server textDocument/didChange in 409µs

15:20:16.801 id=109 [debug] handled request client -> server textDocument/codeAction in 204µs

15:20:16.902 id=110 [debug] handled request client -> server textDocument/documentSymbol in 1ms

15:20:16.902 id=111 [debug] handled request client -> server textDocument/documentSymbol in 1ms

15:20:17.127 id=112 [debug] handled request client -> server textDocument/codeAction in 205µs

15:20:19.681 [debug] handled notification client -> server textDocument/didChange in 512µs

15:20:19.769 id=113 [debug] handled request client -> server textDocument/documentSymbol in 1ms

15:20:19.771 id=114 [debug] handled request client -> server textDocument/documentSymbol in 921µs

15:20:23.114 [debug] handled notification client -> server textDocument/didChange in 614µs

15:20:23.205 id=115 [debug] handled request client -> server textDocument/documentSymbol in 1ms

15:20:23.206 id=116 [debug] handled request client -> server textDocument/documentSymbol in 1ms

15:20:23.536 [debug] handled notification client -> server textDocument/didChange in 614µs

15:20:23.536 id=117 [debug] handled request client -> server textDocument/codeAction in 205µs

15:20:23.629 id=118 [debug] handled request client -> server textDocument/documentSymbol in 1ms

15:20:23.638 id=119 [debug] handled request client -> server textDocument/documentSymbol in 1ms

15:20:23.838 id=120 [debug] handled request client -> server textDocument/codeAction in 205µs

15:20:25.458 [debug] handled notification client -> server textDocument/didChange in 409µs

15:20:25.553 id=121 [debug] handled request client -> server textDocument/documentSymbol in 1ms

15:20:25.557 id=122 [debug] handled request client -> server textDocument/documentSymbol in 1ms

15:20:27.041 id=123 [debug] handled request client -> server textDocument/codeAction in 410µs

15:20:32.125 id=124 [debug] handled request client -> server textDocument/codeAction in 205µs

15:20:33.593 [debug] handled notification client -> server textDocument/didChange in 409µs

15:20:33.694 id=125 [debug] handled request client -> server textDocument/documentSymbol in 1ms

15:20:33.695 id=126 [debug] handled request client -> server textDocument/documentSymbol in 1ms

15:20:34.011 [debug] handled notification client -> server textDocument/didChange in 512µs

15:20:34.102 id=127 [debug] handled request client -> server textDocument/documentSymbol in 1ms

15:20:34.113 id=128 [debug] handled request client -> server textDocument/documentSymbol in 1ms

15:20:35.662 [debug] handled notification client -> server textDocument/didChange in 410µs

15:20:35.941 [debug] handled notification client -> server textDocument/didChange in 409µs

15:20:36.029 id=129 [debug] handled request client -> server textDocument/documentSymbol in 1ms

15:20:36.030 id=130 [debug] handled request client -> server textDocument/documentSymbol in 921µs

15:20:38.728 [debug] handled notification client -> server textDocument/didChange in 410µs

15:20:38.829 id=131 [debug] handled request client -> server textDocument/documentSymbol in 1ms

15:20:38.831 id=132 [debug] handled request client -> server textDocument/documentSymbol in 1ms

15:21:14.233 id=133 [debug] handled request client -> server textDocument/codeAction in 205µs

15:21:18.174 id=134 [debug] handled request client -> server textDocument/hover in 1050ms

15:21:18.174 [debug] handled notification client -> server $/cancelRequest in 0µs

15:21:19.181 id=135 [debug] handled request client -> server textDocument/hover in 1007ms

15:21:19.181 [debug] handled notification client -> server $/cancelRequest in 0µs

15:21:20.190 id=136 [debug] handled request client -> server textDocument/hover in 1008ms

15:21:20.190 [debug] handled notification client -> server $/cancelRequest in 0µs

15:21:20.190 [debug] handled notification client -> server textDocument/didChange in 512µs

15:21:20.190 id=137 [debug] handled request client -> server textDocument/codeAction in 103µs

15:21:20.191 id=138 [debug] handled request client -> server textDocument/documentSymbol in 1ms

15:21:20.193 id=139 [debug] handled request client -> server textDocument/documentSymbol in 819µs

15:21:20.193 [debug] handled notification client -> server $/cancelRequest in 0µs

15:21:20.193 id=140 [debug] handled request client -> server textDocument/codeAction in 102µs

15:21:20.193 [debug] handled notification client -> server $/cancelRequest in 0µs

15:21:20.193 [debug] handled notification client -> server $/cancelRequest in 0µs

15:21:20.391 [debug] handled notification client -> server textDocument/didChange in 512µs

15:21:20.392 id=141 [debug] handled request client -> server textDocument/codeAction in 102µs

15:21:20.501 id=142 [debug] handled request client -> server textDocument/documentSymbol in 1ms

15:21:20.502 id=143 [debug] handled request client -> server textDocument/documentSymbol in 922µs

15:21:20.967 [debug] handled notification client -> server textDocument/didChange in 512µs

15:21:20.967 id=144 [debug] handled request client -> server textDocument/codeAction in 103µs

15:21:21.072 id=145 [debug] handled request client -> server textDocument/documentSymbol in 1ms

15:21:21.086 id=146 [debug] handled request client -> server textDocument/documentSymbol in 1ms

15:21:21.476 [debug] handled notification client -> server textDocument/didChange in 1ms

15:21:21.476 id=147 [debug] handled request client -> server textDocument/codeAction in 204µs

15:21:21.569 id=148 [debug] handled request client -> server textDocument/documentSymbol in 1ms

15:21:21.585 id=149 [debug] handled request client -> server textDocument/documentSymbol in 2ms

15:21:21.801 id=150 [debug] handled request client -> server textDocument/codeAction in 512µs

15:21:22.063 [debug] handled notification client -> server textDocument/didChange in 717µs

15:21:22.063 id=151 [debug] handled request client -> server textDocument/codeAction in 103µs

15:21:22.156 id=152 [debug] handled request client -> server textDocument/documentSymbol in 1ms

15:21:22.162 id=153 [debug] handled request client -> server textDocument/documentSymbol in 1ms

15:21:22.619 [debug] handled notification client -> server textDocument/didChange in 922µs

15:21:22.620 id=154 [debug] handled request client -> server textDocument/codeAction in 204µs

15:21:22.712 id=155 [debug] handled request client -> server textDocument/documentSymbol in 2ms

15:21:22.722 id=156 [debug] handled request client -> server textDocument/documentSymbol in 2ms

15:21:23.052 [debug] handled notification client -> server textDocument/didChange in 410µs

15:21:23.053 id=157 [debug] handled request client -> server textDocument/codeAction in 307µs

15:21:23.155 id=158 [debug] handled request client -> server textDocument/documentSymbol in 1ms

15:21:23.157 id=159 [debug] handled request client -> server textDocument/documentSymbol in 1ms

15:21:23.354 id=160 [debug] handled request client -> server textDocument/codeAction in 102µs

15:21:23.688 [debug] handled notification client -> server textDocument/didChange in 1ms

15:21:23.688 id=161 [debug] handled request client -> server textDocument/codeAction in 205µs

15:21:23.788 id=162 [debug] handled request client -> server textDocument/documentSymbol in 1ms

15:21:23.790 id=163 [debug] handled request client -> server textDocument/documentSymbol in 1ms

15:21:24.073 [debug] handled notification client -> server textDocument/didChange in 716µs

15:21:24.074 id=164 [debug] handled request client -> server textDocument/codeAction in 512µs

15:21:24.167 id=165 [debug] handled request client -> server textDocument/documentSymbol in 1ms

15:21:24.182 id=166 [debug] handled request client -> server textDocument/documentSymbol in 1ms

15:21:24.473 [debug] handled notification client -> server textDocument/didChange in 922µs

15:21:24.473 id=167 [debug] handled request client -> server textDocument/codeAction in 103µs

15:21:24.567 id=168 [debug] handled request client -> server textDocument/documentSymbol in 1ms

15:21:24.575 id=169 [debug] handled request client -> server textDocument/documentSymbol in 2ms

15:21:24.936 [debug] handled notification client -> server textDocument/didChange in 716µs

15:21:24.937 id=170 [debug] handled request client -> server textDocument/codeAction in 512µs

15:21:25.032 id=171 [debug] handled request client -> server textDocument/documentSymbol in 1ms

15:21:25.037 id=172 [debug] handled request client -> server textDocument/documentSymbol in 2ms

15:21:25.341 [debug] handled notification client -> server textDocument/didChange in 717µs

15:21:25.341 id=173 [debug] handled request client -> server textDocument/codeAction in 409µs

15:21:25.435 id=174 [debug] handled request client -> server textDocument/documentSymbol in 1ms

15:21:25.441 id=175 [debug] handled request client -> server textDocument/documentSymbol in 1ms

15:21:25.712 [debug] handled notification client -> server textDocument/didChange in 1ms

15:21:25.712 id=176 [debug] handled request client -> server textDocument/codeAction in 204µs

15:21:25.819 id=177 [debug] handled request client -> server textDocument/documentSymbol in 1ms

15:21:25.822 id=178 [debug] handled request client -> server textDocument/documentSymbol in 1ms

15:21:26.237 [debug] handled notification client -> server textDocument/didChange in 922µs

15:21:26.237 id=179 [debug] handled request client -> server textDocument/codeAction in 409µs

15:21:26.342 id=180 [debug] handled request client -> server textDocument/documentSymbol in 1ms

15:21:26.343 id=181 [debug] handled request client -> server textDocument/documentSymbol in 1ms

15:21:26.673 [debug] handled notification client -> server textDocument/didChange in 1ms

15:21:26.673 id=182 [debug] handled request client -> server textDocument/codeAction in 103µs

15:21:26.784 id=183 [debug] handled request client -> server textDocument/documentSymbol in 1ms

15:21:26.786 id=184 [debug] handled request client -> server textDocument/documentSymbol in 1ms

15:21:27.139 [debug] handled notification client -> server textDocument/didChange in 1ms

15:21:27.139 id=185 [debug] handled request client -> server textDocument/codeAction in 205µs

15:21:27.250 id=186 [debug] handled request client -> server textDocument/documentSymbol in 2ms

15:21:27.252 id=187 [debug] handled request client -> server textDocument/documentSymbol in 1ms

15:21:27.456 id=188 [debug] handled request client -> server textDocument/codeAction in 102µs

15:21:28.031 [debug] handled notification client -> server textDocument/didChange in 922µs

15:21:28.131 id=189 [debug] handled request client -> server textDocument/documentSymbol in 2ms

15:21:28.136 id=190 [debug] handled request client -> server textDocument/documentSymbol in 1ms

15:21:28.348 [debug] handled notification client -> server textDocument/didChange in 819µs

15:21:28.348 id=191 [debug] handled request client -> server textDocument/codeAction in 512µs

15:21:29.372 [debug] handled notification client -> server textDocument/didChange in 1ms

15:21:29.471 [debug] handled notification client -> server textDocument/didChange in 921µs

15:21:29.472 id=192 [debug] handled request client -> server textDocument/documentSymbol in 1ms

15:21:29.728 [debug] handled notification client -> server textDocument/didChange in 410µs

15:21:29.729 id=193 [debug] handled request client -> server textDocument/codeAction in 717µs

15:21:30.567 [debug] handled notification client -> server textDocument/didChange in 614µs

15:21:30.659 [debug] handled notification client -> server textDocument/didChange in 1ms

15:21:30.662 id=194 [debug] handled request client -> server textDocument/documentSymbol in 1ms

15:21:30.925 id=195 [debug] handled request client -> server textDocument/codeAction in 614µs

15:21:30.989 id=196 [debug] handled request client -> server textDocument/documentSymbol in 2ms

15:21:30.992 id=197 [debug] handled request client -> server textDocument/documentSymbol in 1ms

15:21:32.073 id=198 [debug] handled request client -> server textDocument/codeAction in 205µs

15:21:32.726 id=199 [debug] handled request client -> server textDocument/codeAction in 615µs

15:21:34.960 [debug] handled notification client -> server textDocument/didChange in 819µs

15:21:35.061 [debug] handled notification client -> server textDocument/didChange in 1ms

15:21:35.062 id=200 [debug] handled request client -> server textDocument/documentSymbol in 1ms

15:21:35.552 [debug] handled notification client -> server textDocument/didChange in 819µs

15:21:35.845 [debug] handled notification client -> server textDocument/didChange in 921µs

15:21:36.144 [debug] handled notification client -> server textDocument/didChange in 1ms

15:21:36.246 [debug] handled notification client -> server textDocument/didChange in 1ms

15:21:36.248 id=201 [debug] handled request client -> server textDocument/documentSymbol in 2ms

15:21:36.502 id=202 [debug] handled request client -> server textDocument/codeAction in 204µs

15:21:36.579 id=203 [debug] handled request client -> server textDocument/documentSymbol in 2ms

15:21:36.582 id=204 [debug] handled request client -> server textDocument/documentSymbol in 1ms

15:21:36.908 [debug] handled notification client -> server textDocument/didChange in 1ms

15:21:36.996 id=205 [debug] handled request client -> server textDocument/documentSymbol in 2ms

15:21:37.014 id=206 [debug] handled request client -> server textDocument/documentSymbol in 2ms

15:21:37.281 [debug] handled notification client -> server textDocument/didChange in 1ms

15:21:37.389 id=207 [debug] handled request client -> server textDocument/documentSymbol in 1ms

15:21:37.393 id=208 [debug] handled request client -> server textDocument/documentSymbol in 1ms

15:21:37.412 id=209 [debug] handled request client -> server textDocument/codeAction in 205µs

15:21:37.698 [debug] handled notification client -> server textDocument/didChange in 512µs

15:21:37.793 id=210 [debug] handled request client -> server textDocument/documentSymbol in 1ms

15:21:37.809 [debug] handled notification client -> server textDocument/didChange in 307µs

15:21:37.810 id=211 [debug] handled request client -> server textDocument/documentSymbol in 1ms

15:21:38.069 id=212 [debug] handled request client -> server textDocument/codeAction in 205µs

15:21:38.157 [debug] handled notification client -> server textDocument/didChange in 410µs

15:21:38.159 id=213 [debug] handled request client -> server textDocument/documentSymbol in 1ms

15:21:38.424 id=214 [debug] handled request client -> server textDocument/codeAction in 204µs

15:21:38.513 id=215 [debug] handled request client -> server textDocument/documentSymbol in 1ms

15:21:38.515 id=216 [debug] handled request client -> server textDocument/documentSymbol in 1ms

15:21:38.798 [debug] handled notification client -> server textDocument/didChange in 409µs

15:21:38.896 [debug] handled notification client -> server textDocument/didChange in 921µs

15:21:38.897 id=217 [debug] handled request client -> server textDocument/documentSymbol in 1ms

15:21:39.163 id=218 [debug] handled request client -> server textDocument/codeAction in 717µs

15:21:39.246 id=219 [debug] handled request client -> server textDocument/documentSymbol in 1ms

15:21:39.248 id=220 [debug] handled request client -> server textDocument/documentSymbol in 1ms

15:21:40.028 id=221 [debug] handled request client -> server textDocument/codeAction in 205µs

15:21:40.756 [debug] handled notification client -> server textDocument/didChange in 922µs

15:21:43.560 [debug] handled notification client -> server textDocument/didChange in 716µs

15:21:43.654 id=222 [debug] handled request client -> server textDocument/documentSymbol in 1ms

15:21:43.659 id=223 [debug] handled request client -> server textDocument/documentSymbol in 1ms

15:21:43.699 id=224 [debug] handled request client -> server textDocument/codeAction in 819µs

15:21:45.817 id=225 [debug] handled request client -> server textDocument/codeAction in 204µs

15:21:56.463 id=226 [debug] handled request client -> server textDocument/hover in 1006ms

15:21:56.463 [debug] handled notification client -> server $/cancelRequest in 0µs

15:21:57.472 id=227 [debug] handled request client -> server textDocument/hover in 1008ms

15:21:57.472 [debug] handled notification client -> server $/cancelRequest in 102µs

15:21:58.478 id=228 [debug] handled request client -> server textDocument/hover in 1005ms

15:21:58.478 [debug] handled notification client -> server $/cancelRequest in 0µs

15:21:59.488 id=229 [debug] handled request client -> server textDocument/hover in 1010ms

15:21:59.488 [debug] handled notification client -> server $/cancelRequest in 0µs

15:21:59.488 id=230 [debug] handled request client -> server textDocument/codeAction in 204µs

15:22:00.494 id=231 [debug] handled request client -> server textDocument/hover in 1006ms

15:22:00.494 [debug] handled notification client -> server $/cancelRequest in 103µs

15:22:00.494 [debug] handled notification client -> server $/cancelRequest in 102µs

15:22:00.496 [debug] handled notification client -> server textDocument/didChange in 1ms

15:22:00.498 id=232 [debug] handled request client -> server textDocument/documentSymbol in 1ms

15:22:00.500 id=233 [debug] handled request client -> server textDocument/documentSymbol in 1ms

15:22:00.500 id=234 [debug] handled request client -> server textDocument/codeAction in 205µs

15:22:00.500 [debug] handled notification client -> server $/cancelRequest in 0µs

15:22:00.500 id=235 [debug] handled request client -> server textDocument/codeAction in 102µs

15:22:01.274 id=236 [debug] handled request client -> server textDocument/codeAction in 204µs

15:22:02.222 [debug] handled notification client -> server textDocument/didChange in 922µs

15:22:02.326 id=237 [debug] handled request client -> server textDocument/documentSymbol in 1ms

15:22:02.343 id=238 [debug] handled request client -> server textDocument/documentSymbol in 2ms

15:22:02.746 [debug] handled notification client -> server textDocument/didChange in 921µs

15:22:02.838 id=239 [debug] handled request client -> server textDocument/documentSymbol in 1ms

15:22:02.845 id=240 [debug] handled request client -> server textDocument/documentSymbol in 1ms

15:22:05.623 id=241 [debug] handled request client -> server textDocument/codeAction in 205µs

15:22:07.443 [debug] handled notification client -> server textDocument/didChange in 1ms

15:22:07.545 id=242 [debug] handled request client -> server textDocument/documentSymbol in 1ms

15:22:07.547 id=243 [debug] handled request client -> server textDocument/documentSymbol in 1ms

15:22:07.568 id=244 [debug] handled request client -> server textDocument/codeAction in 205µs

15:22:08.279 id=245 [debug] handled request client -> server textDocument/codeAction in 204µs

15:22:09.226 id=246 [debug] handled request client -> server textDocument/codeAction in 204µs

15:22:09.969 [debug] handled notification client -> server textDocument/didChange in 1ms

15:22:10.060 id=247 [debug] handled request client -> server textDocument/documentSymbol in 1ms

15:22:10.076 id=248 [debug] handled request client -> server textDocument/documentSymbol in 1ms

15:22:10.107 id=249 [debug] handled request client -> server textDocument/codeAction in 716µs

15:22:13.583 id=250 [debug] handled request client -> server textDocument/codeAction in 204µs

15:22:16.099 id=251 [debug] handled request client -> server textDocument/codeAction in 615µs

15:22:19.247 id=252 [debug] handled request client -> server textDocument/hover in 1007ms

15:22:19.247 [debug] handled notification client -> server $/cancelRequest in 0µs

15:22:20.255 id=253 [debug] handled request client -> server textDocument/hover in 1007ms

15:22:20.255 [debug] handled notification client -> server $/cancelRequest in 102µs

15:22:21.262 id=254 [debug] handled request client -> server textDocument/hover in 1006ms

15:22:21.262 [debug] handled notification client -> server $/cancelRequest in 0µs

15:22:21.262 id=255 [debug] handled request client -> server textDocument/codeAction in 103µs

15:22:21.262 [debug] handled notification client -> server $/cancelRequest in 102µs

15:22:21.262 id=256 [debug] handled request client -> server textDocument/codeAction in 102µs

15:22:21.309 id=257 [debug] handled request client -> server textDocument/codeAction in 819µs

15:22:23.222 id=258 [debug] handled request client -> server textDocument/hover in 1002ms

15:22:23.222 [debug] handled notification client -> server $/cancelRequest in 102µs

15:22:45.491 id=259 [debug] handled request client -> server textDocument/codeAction in 205µs

15:22:46.113 id=260 [debug] handled request client -> server textDocument/codeAction in 717µs

15:22:46.855 id=261 [debug] handled request client -> server textDocument/codeAction in 205µs

15:22:47.482 id=262 [debug] handled request client -> server textDocument/codeAction in 205µs

15:22:48.870 id=263 [debug] handled request client -> server textDocument/hover in 1009ms

15:22:48.870 [debug] handled notification client -> server $/cancelRequest in 102µs

15:22:48.870 id=264 [debug] handled request client -> server textDocument/codeAction in 308µs

15:22:49.879 id=265 [debug] handled request client -> server textDocument/hover in 1008ms

15:22:49.879 [debug] handled notification client -> server $/cancelRequest in 102µs

15:22:49.879 id=266 [debug] handled request client -> server textDocument/codeAction in 717µs

15:22:50.885 id=267 [debug] handled request client -> server textDocument/hover in 1005ms

15:22:50.885 [debug] handled notification client -> server $/cancelRequest in 102µs

15:22:51.898 id=268 [debug] handled request client -> server textDocument/hover in 1012ms

15:22:51.899 [debug] handled notification client -> server $/cancelRequest in 921µs

15:22:51.899 id=269 [debug] handled request client -> server textDocument/codeAction in 205µs

15:22:52.903 id=270 [debug] handled request client -> server textDocument/hover in 1003ms

15:22:52.903 [debug] handled notification client -> server $/cancelRequest in 102µs

15:22:53.913 id=271 [debug] handled request client -> server textDocument/hover in 1009ms

15:22:53.913 [debug] handled notification client -> server $/cancelRequest in 103µs

15:22:53.913 [debug] handled notification client -> server $/cancelRequest in 0µs

15:22:53.913 id=272 [debug] handled request client -> server textDocument/codeAction in 204µs

15:22:54.920 id=273 [debug] handled request client -> server textDocument/hover in 1006ms

15:22:54.920 [debug] handled notification client -> server $/cancelRequest in 102µs

15:22:54.920 [debug] handled notification client -> server $/cancelRequest in 103µs

15:22:54.920 id=274 [debug] handled request client -> server textDocument/codeAction in 819µs

15:22:54.920 [debug] handled notification client -> server $/cancelRequest in 102µs

15:22:54.920 id=275 [debug] handled request client -> server textDocument/codeAction in 103µs

15:22:55.924 id=276 [debug] handled request client -> server textDocument/hover in 1003ms

15:22:55.924 [debug] handled notification client -> server $/cancelRequest in 102µs

15:22:56.941 id=277 [debug] handled request client -> server textDocument/hover in 1015ms

15:22:56.941 [debug] handled notification client -> server $/cancelRequest in 103µs

15:22:56.941 [debug] handled notification client -> server $/cancelRequest in 102µs

15:22:56.941 id=278 [debug] handled request client -> server textDocument/codeAction in 205µs

15:22:56.941 [debug] handled notification client -> server $/cancelRequest in 0µs

15:22:56.941 id=279 [debug] handled request client -> server textDocument/codeAction in 205µs

15:22:57.947 id=280 [debug] handled request client -> server textDocument/hover in 1005ms

15:22:57.947 [debug] handled notification client -> server $/cancelRequest in 0µs

15:22:58.951 id=281 [debug] handled request client -> server textDocument/hover in 1004ms

15:22:58.951 [debug] handled notification client -> server $/cancelRequest in 0µs

15:22:59.957 id=282 [debug] handled request client -> server textDocument/hover in 1005ms

15:22:59.957 [debug] handled notification client -> server $/cancelRequest in 0µs

15:22:59.957 [debug] handled notification client -> server $/cancelRequest in 0µs

15:22:59.958 id=283 [debug] handled request client -> server textDocument/codeAction in 819µs

15:23:02.891 id=284 [debug] handled request client -> server textDocument/hover in 1010ms

15:23:02.891 [debug] handled notification client -> server $/cancelRequest in 102µs

15:23:03.896 id=285 [debug] handled request client -> server textDocument/hover in 1005ms

15:23:03.896 [debug] handled notification client -> server $/cancelRequest in 103µs

15:23:04.905 id=286 [debug] handled request client -> server textDocument/hover in 1008ms

15:23:04.905 [debug] handled notification client -> server $/cancelRequest in 102µs

15:23:05.909 id=287 [debug] handled request client -> server textDocument/hover in 1002ms

15:23:10.322 id=288 [debug] handled request client -> server textDocument/hover in 1008ms

15:23:13.051 id=289 [debug] handled request client -> server textDocument/hover in 1010ms

15:23:13.051 [debug] handled notification client -> server $/cancelRequest in 103µs

15:23:14.058 id=290 [debug] handled request client -> server textDocument/hover in 1007ms

15:23:15.498 id=291 [debug] handled request client -> server textDocument/hover in 1005ms

15:23:36.670 id=292 [debug] handled request client -> server textDocument/codeAction in 102µs

15:23:37.968 id=293 [debug] handled request client -> server textDocument/hover in 1005ms

15:23:37.968 [debug] handled notification client -> server $/cancelRequest in 102µs

15:23:37.970 [debug] handled notification client -> server textDocument/didChange in 1ms

15:23:37.970 id=294 [debug] handled request client -> server textDocument/codeAction in 103µs

15:23:37.996 id=295 [debug] handled request client -> server textDocument/documentSymbol in 2ms

15:23:37.997 id=296 [debug] handled request client -> server textDocument/documentSymbol in 1ms

15:23:38.433 [debug] handled notification client -> server textDocument/didChange in 1ms

15:23:38.435 id=297 [debug] handled request client -> server textDocument/codeAction in 205µs

15:23:38.544 id=298 [debug] handled request client -> server textDocument/documentSymbol in 2ms

15:23:38.559 id=299 [debug] handled request client -> server textDocument/documentSymbol in 2ms

15:23:38.758 id=300 [debug] handled request client -> server textDocument/codeAction in 205µs

15:23:41.662 id=301 [debug] handled request client -> server textDocument/codeAction in 205µs

15:23:42.730 id=302 [debug] handled request client -> server textDocument/codeAction in 205µs

15:23:43.201 id=303 [debug] handled request client -> server textDocument/codeAction in 820µs

15:23:43.838 [debug] handled notification client -> server textDocument/didChange in 819µs

15:23:43.933 id=304 [debug] handled request client -> server textDocument/documentSymbol in 1ms

15:23:43.934 id=305 [debug] handled request client -> server textDocument/documentSymbol in 1ms

15:23:44.149 [debug] handled notification client -> server textDocument/didChange in 922µs

15:23:44.149 id=306 [debug] handled request client -> server textDocument/codeAction in 102µs

15:23:44.434 id=307 [debug] handled request client -> server textDocument/documentSymbol in 1ms

15:23:44.436 id=308 [debug] handled request client -> server textDocument/documentSymbol in 1ms

15:23:44.613 id=309 [debug] handled request client -> server textDocument/codeAction in 205µs

15:23:46.219 [debug] handled notification client -> server textDocument/didChange in 1ms

15:23:46.313 id=310 [debug] handled request client -> server textDocument/documentSymbol in 2ms

15:23:46.328 id=311 [debug] handled request client -> server textDocument/documentSymbol in 1ms

15:24:04.075 id=312 [debug] handled request client -> server textDocument/codeAction in 819µs

15:24:04.668 id=313 [debug] handled request client -> server textDocument/codeAction in 205µs

15:24:04.993 id=314 [debug] handled request client -> server textDocument/codeAction in 717µs

15:24:07.507 [debug] handled notification client -> server textDocument/didChange in 409µs

15:24:07.612 id=315 [debug] handled request client -> server textDocument/documentSymbol in 2ms

15:24:07.614 id=316 [debug] handled request client -> server textDocument/documentSymbol in 1ms

15:24:09.138 id=317 [debug] handled request client -> server textDocument/codeAction in 204µs

15:24:09.498 id=318 [debug] handled request client -> server textDocument/codeAction in 205µs

15:24:10.130 [debug] handled notification client -> server textDocument/didChange in 1ms

15:24:10.130 id=319 [debug] handled request client -> server textDocument/codeAction in 205µs

15:24:10.233 id=320 [debug] handled request client -> server textDocument/documentSymbol in 2ms

15:24:10.234 id=321 [debug] handled request client -> server textDocument/documentSymbol in 1ms

15:24:10.437 id=322 [debug] handled request client -> server textDocument/codeAction in 819µs

15:24:30.392 id=323 [debug] handled request client -> server textDocument/hover in 1007ms

15:24:30.392 [debug] handled notification client -> server $/cancelRequest in 103µs

15:24:32.729 id=324 [debug] handled request client -> server textDocument/hover in 1002ms

15:24:38.765 id=325 [debug] handled request client -> server textDocument/hover in 1004ms

15:24:38.765 [debug] handled notification client -> server $/cancelRequest in 0µs

15:24:39.773 id=326 [debug] handled request client -> server textDocument/hover in 1008ms

15:24:39.773 [debug] handled notification client -> server $/cancelRequest in 103µs

15:24:40.783 id=327 [debug] handled request client -> server textDocument/hover in 1009ms

15:24:40.783 [debug] handled notification client -> server $/cancelRequest in 0µs

15:24:40.940 [debug] handled notification client -> server textDocument/didChange in 1ms

15:24:40.955 id=328 [debug] handled request client -> server textDocument/codeAction in 205µs

15:24:41.252 [debug] handled notification client -> server textDocument/didChange in 512µs

15:24:41.302 id=329 [debug] handled request client -> server textDocument/codeAction in 819µs

15:24:41.347 id=330 [debug] handled request client -> server textDocument/documentSymbol in 2ms

15:24:41.348 id=331 [debug] handled request client -> server textDocument/documentSymbol in 1ms

15:24:43.573 [debug] handled notification client -> server textDocument/didChange in 1ms

15:24:43.579 id=332 [debug] handled request client -> server textDocument/codeAction in 204µs

15:24:43.677 id=333 [debug] handled request client -> server textDocument/documentSymbol in 2ms

15:24:43.683 id=334 [debug] handled request client -> server textDocument/documentSymbol in 2ms

15:24:43.879 id=335 [debug] handled request client -> server textDocument/codeAction in 205µs

15:24:44.883 [debug] handled notification client -> server textDocument/didChange in 1ms

15:24:44.884 id=336 [debug] handled request client -> server textDocument/codeAction in 716µs

15:24:44.995 id=337 [debug] handled request client -> server textDocument/documentSymbol in 1ms

15:24:44.996 id=338 [debug] handled request client -> server textDocument/documentSymbol in 2ms

15:24:45.211 id=339 [debug] handled request client -> server textDocument/codeAction in 204µs

15:24:47.902 [debug] handled notification client -> server textDocument/didChange in 1ms

15:24:47.902 id=340 [debug] handled request client -> server textDocument/codeAction in 102µs

15:24:47.996 id=341 [debug] handled request client -> server textDocument/documentSymbol in 2ms

15:24:48.003 id=342 [debug] handled request client -> server textDocument/documentSymbol in 2ms

15:24:48.211 id=343 [debug] handled request client -> server textDocument/codeAction in 819µs

15:24:51.223 [debug] handled notification client -> server textDocument/didChange in 1ms

15:24:51.223 id=344 [debug] handled request client -> server textDocument/codeAction in 205µs

15:24:51.768 [debug] handled notification client -> server textDocument/didChange in 921µs

15:24:51.865 id=345 [debug] handled request client -> server textDocument/documentSymbol in 2ms

15:24:51.870 id=346 [debug] handled request client -> server textDocument/documentSymbol in 2ms

15:28:37.078 id=347 [debug] handled request client -> server textDocument/codeAction in 307µs

15:28:40.732 id=348 [debug] handled request client -> server textDocument/codeAction in 1ms

15:28:40.735 id=349 [debug] handled request client -> server textDocument/documentSymbol in 2ms

15:28:41.028 id=350 [debug] handled request client -> server textDocument/documentSymbol in 2ms

15:28:43.347 id=351 [debug] handled request client -> server textDocument/hover in 1006ms

15:28:43.347 [debug] handled notification client -> server $/cancelRequest in 102µs

14:26:39.856 [info] Loading 71 CA(s) from :otp store

08:53:25.568 [info] Loading 71 CA(s) from :otp store

15:27:30.511 [info] Loading 71 CA(s) from :otp store

15:27:31.949 id=0 [debug] handled request client -> server initialize in 1045ms

15:27:32.001 [debug] sent notification server -> client window/logMessage

15:27:32.063 [debug] NextLS v0.22.8 has initialized!

15:27:32.063 [debug] sent notification server -> client window/logMessage

15:27:32.063 [debug] Log file located at g:/source/elixir/bck_gammon_app/.elixir-tools/next-ls.log

15:27:32.085 [debug] sent notification server -> client window/logMessage

15:27:32.085 [info] [extension] Credo initializing with options %NextLS.InitOpts.Extensions.Credo{enable: true, cli_options: []}

15:27:32.085 id=196 [debug] sent request server -> client client/registerCapability

15:27:34.855 [debug] sent notification server -> client window/showMessage

15:27:34.872 [debug] sent notification server -> client window/logMessage

15:27:34.872 [info] Downloaded 0.23.2 of Next LS

15:27:57.369 [debug] sent notification server -> client window/logMessage

15:27:57.369 [debug] Booting runtimes...

15:27:57.392 id=5 [debug] sent request server -> client window/workDoneProgress/create

15:27:57.434 [debug] sent notification server -> client $/progress

15:27:57.571 [debug] sent notification server -> client window/logMessage

15:27:57.571 [info] Beginning DB migration...

15:27:57.635 [debug] sent notification server -> client window/logMessage

15:27:57.635 [info] Database is being upgraded from version 0 to 7.

This will trigger a full recompilation in order to re-index your codebase.


15:27:57.659 [debug] sent notification server -> client window/logMessage

15:27:57.659 [info] Finished DB migration...

15:27:57.686 [error] ** (MatchError) no match of right hand side value: {:error, {:shutdown, {:failed_to_start_child, NextLS.Runtime, {:badarg, [{NextLS.Runtime, :init, 1, [file: ~c"lib/next_ls/runtime.ex", line: 134, error_info: %{cause: {1, :binary, :type, nil}, function: :format_bs_fail, module: :erl_erts_errors}]}, {:gen_server, :init_it, 2, [file: ~c"gen_server.erl", line: 980]}, {:gen_server, :init_it, 6, [file: ~c"gen_server.erl", line: 935]}, {:proc_lib, :init_p_do_apply, 3, [file: ~c"proc_lib.erl", line: 241]}]}}}}
    (next_ls 0.22.8) lib/next_ls.ex:924: anonymous fn/5 in NextLS.handle_notification/2
    (elixir 1.17.0-dev) lib/enum.ex:2531: Enum."-reduce/3-lists^foldl/2-0-"/3
    (next_ls 0.22.8) lib/next_ls.ex:919: NextLS.handle_notification/2
    (gen_lsp 0.10.0) lib/gen_lsp.ex:478: anonymous fn/2 in GenLSP.loop/3
    (telemetry 1.2.1) /Users/runner/work/next-ls/next-ls/deps/telemetry/src/telemetry.erl:321: :telemetry.span/3
    (gen_lsp 0.10.0) lib/gen_lsp.ex:474: anonymous fn/7 in GenLSP.loop/3
    (gen_lsp 0.10.0) lib/gen_lsp.ex:553: GenLSP.attempt/4
    (stdlib 5.2) proc_lib.erl:241: :proc_lib.init_p_do_apply/3


15:27:57.686 [debug] sent notification server -> client window/logMessage

15:27:57.703 [debug] handled notification client -> server textDocument/didOpen in 17ms

15:27:57.762 id=1 [debug] handled request client -> server textDocument/documentSymbol in 59ms

15:27:57.958 id=2 [debug] handled request client -> server textDocument/codeAction in 195ms

15:27:57.972 [debug] handled notification client -> server $/cancelRequest in 14ms

15:27:57.973 [debug] handled notification client -> server $/cancelRequest in 0µs

15:27:58.001 [debug] handled notification client -> server textDocument/didChange in 28ms

15:27:58.009 [debug] sent notification server -> client window/logMessage

15:27:58.009 id=3 [debug] handled request client -> server textDocument/documentSymbol in 7ms

15:27:58.009 id=4 [debug] handled request client -> server textDocument/codeAction in 102µs

15:27:58.009 [debug] sent notification server -> client window/logMessage

15:27:58.009 id=5 [debug] handled request client -> server textDocument/documentSymbol in 410µs

15:27:58.009 [debug] handled notification client -> server $/cancelRequest in 0µs

15:27:58.009 [debug] sent notification server -> client window/logMessage

15:27:58.009 id=6 [debug] handled request client -> server textDocument/documentSymbol in 307µs

15:27:58.009 [debug] handled notification client -> server $/cancelRequest in 103µs

15:27:58.010 id=7 [debug] handled request client -> server textDocument/codeAction in 102µs

15:27:58.010 [debug] handled notification client -> server $/cancelRequest in 0µs

15:27:58.010 id=8 [debug] handled request client -> server textDocument/codeAction in 102µs

15:27:58.010 [debug] handled notification client -> server $/cancelRequest in 103µs

15:27:58.010 id=9 [debug] handled request client -> server textDocument/codeAction in 102µs

15:27:58.010 [debug] handled notification client -> server $/cancelRequest in 0µs

15:27:58.010 [debug] handled notification client -> server $/cancelRequest in 0µs

15:27:58.010 [debug] handled notification client -> server textDocument/didChange in 103µs

15:27:58.011 id=10 [debug] handled request client -> server textDocument/codeAction in 102µs

15:27:58.011 [debug] handled notification client -> server $/cancelRequest in 0µs

15:27:58.019 [debug] sent notification server -> client window/logMessage

15:27:58.019 id=11 [debug] handled request client -> server textDocument/documentSymbol in 8ms

15:27:58.020 [debug] sent notification server -> client window/logMessage

15:27:58.020 id=12 [debug] handled request client -> server textDocument/documentSymbol in 410µs

15:27:58.020 [debug] handled notification client -> server $/cancelRequest in 102µs

15:27:58.020 id=13 [debug] handled request client -> server textDocument/codeAction in 205µs

15:27:58.020 [debug] handled notification client -> server $/cancelRequest in 102µs

15:27:58.020 id=14 [debug] handled request client -> server textDocument/codeAction in 103µs

15:27:58.021 [debug] handled notification client -> server $/cancelRequest in 205µs

15:27:58.021 id=15 [debug] handled request client -> server textDocument/codeAction in 204µs

15:27:58.021 [debug] handled notification client -> server $/cancelRequest in 0µs

15:27:58.021 [debug] handled notification client -> server $/cancelRequest in 0µs

15:27:58.021 [debug] handled notification client -> server textDocument/didChange in 102µs

15:27:58.022 [debug] sent notification server -> client window/logMessage

15:27:58.022 id=16 [debug] handled request client -> server textDocument/documentSymbol in 409µs

15:27:58.022 id=17 [debug] handled request client -> server textDocument/codeAction in 205µs

15:27:58.022 [debug] handled notification client -> server $/cancelRequest in 0µs

15:27:58.022 [debug] handled notification client -> server $/cancelRequest in 0µs

15:27:58.022 [debug] handled notification client -> server textDocument/didChange in 103µs

15:27:58.022 [debug] sent notification server -> client window/logMessage

15:27:58.022 id=18 [debug] handled request client -> server textDocument/documentSymbol in 307µs

15:27:58.022 id=19 [debug] handled request client -> server textDocument/codeAction in 205µs

15:27:58.022 [debug] handled notification client -> server $/cancelRequest in 0µs

15:27:58.023 [debug] sent notification server -> client window/logMessage

15:27:58.023 id=20 [debug] handled request client -> server textDocument/documentSymbol in 512µs

15:27:58.023 [debug] handled notification client -> server $/cancelRequest in 0µs

15:27:58.023 [debug] handled notification client -> server textDocument/didChange in 102µs

15:27:58.044 [error] ** (BadMapError) expected a map, got: nil
    (stdlib 5.2) :maps.merge(%{}, nil)
    (next_ls 0.22.8) lib/next_ls.ex:1005: anonymous fn/2 in NextLS.handle_notification/2
    (elixir 1.17.0-dev) lib/map.ex:916: Map.update!/3
    (next_ls 0.22.8) lib/next_ls.ex:1005: NextLS.handle_notification/2
    (gen_lsp 0.10.0) lib/gen_lsp.ex:478: anonymous fn/2 in GenLSP.loop/3
    (telemetry 1.2.1) /Users/runner/work/next-ls/next-ls/deps/telemetry/src/telemetry.erl:321: :telemetry.span/3
    (gen_lsp 0.10.0) lib/gen_lsp.ex:474: anonymous fn/7 in GenLSP.loop/3
    (gen_lsp 0.10.0) lib/gen_lsp.ex:553: GenLSP.attempt/4


15:27:58.044 [debug] sent notification server -> client window/logMessage

15:27:58.044 [debug] handled notification client -> server $/cancelRequest in 0µs

15:27:58.072 [debug] handled notification client -> server workspace/didChangeWatchedFiles in 28ms

15:27:58.073 [debug] sent notification server -> client window/logMessage

15:27:58.073 id=21 [debug] handled request client -> server textDocument/documentSymbol in 512µs

15:27:58.073 id=22 [debug] handled request client -> server textDocument/codeAction in 103µs

15:27:58.073 [debug] handled notification client -> server $/cancelRequest in 102µs

15:27:58.073 [debug] handled notification client -> server $/cancelRequest in 0µs

15:27:58.073 [debug] handled notification client -> server textDocument/didChange in 103µs

15:27:58.073 id=23 [debug] handled request client -> server textDocument/codeAction in 204µs

15:27:58.074 [debug] sent notification server -> client window/logMessage

15:27:58.074 id=24 [debug] handled request client -> server textDocument/documentSymbol in 410µs

15:27:58.074 [error] ** (BadMapError) expected a map, got: nil
    (stdlib 5.2) :maps.merge(%{}, nil)
    (next_ls 0.22.8) lib/next_ls.ex:1005: anonymous fn/2 in NextLS.handle_notification/2
    (elixir 1.17.0-dev) lib/map.ex:916: Map.update!/3
    (next_ls 0.22.8) lib/next_ls.ex:1005: NextLS.handle_notification/2
    (gen_lsp 0.10.0) lib/gen_lsp.ex:478: anonymous fn/2 in GenLSP.loop/3
    (telemetry 1.2.1) /Users/runner/work/next-ls/next-ls/deps/telemetry/src/telemetry.erl:321: :telemetry.span/3
    (gen_lsp 0.10.0) lib/gen_lsp.ex:474: anonymous fn/7 in GenLSP.loop/3
    (gen_lsp 0.10.0) lib/gen_lsp.ex:553: GenLSP.attempt/4


15:27:58.074 [debug] sent notification server -> client window/logMessage

15:27:58.074 [debug] handled notification client -> server $/cancelRequest in 0µs

15:27:58.075 id=25 [debug] handled request client -> server textDocument/codeAction in 204µs

15:27:58.075 [debug] handled notification client -> server workspace/didChangeWatchedFiles in 103µs

15:27:58.075 [debug] handled notification client -> server $/cancelRequest in 0µs

15:27:58.075 [debug] handled notification client -> server $/cancelRequest in 0µs

15:27:58.075 [debug] handled notification client -> server textDocument/didChange in 103µs

15:27:58.075 [debug] sent notification server -> client window/logMessage

15:27:58.075 id=26 [debug] handled request client -> server textDocument/documentSymbol in 307µs

15:27:58.075 [error] ** (BadMapError) expected a map, got: nil
    (stdlib 5.2) :maps.merge(%{}, nil)
    (next_ls 0.22.8) lib/next_ls.ex:1005: anonymous fn/2 in NextLS.handle_notification/2
    (elixir 1.17.0-dev) lib/map.ex:916: Map.update!/3
    (next_ls 0.22.8) lib/next_ls.ex:1005: NextLS.handle_notification/2
    (gen_lsp 0.10.0) lib/gen_lsp.ex:478: anonymous fn/2 in GenLSP.loop/3
    (telemetry 1.2.1) /Users/runner/work/next-ls/next-ls/deps/telemetry/src/telemetry.erl:321: :telemetry.span/3
    (gen_lsp 0.10.0) lib/gen_lsp.ex:474: anonymous fn/7 in GenLSP.loop/3
    (gen_lsp 0.10.0) lib/gen_lsp.ex:553: GenLSP.attempt/4


15:27:58.075 [debug] sent notification server -> client window/logMessage

15:27:58.076 id=27 [debug] handled request client -> server textDocument/codeAction in 205µs

15:27:58.076 [debug] handled notification client -> server $/cancelRequest in 0µs

15:27:58.076 [debug] handled notification client -> server $/cancelRequest in 102µs

15:27:58.076 [debug] handled notification client -> server textDocument/didChange in 0µs

15:27:58.076 [debug] handled notification client -> server workspace/didChangeWatchedFiles in 103µs

15:27:58.076 [debug] sent notification server -> client window/logMessage

15:27:58.076 id=28 [debug] handled request client -> server textDocument/documentSymbol in 307µs

15:27:58.076 id=29 [debug] handled request client -> server textDocument/codeAction in 205µs

15:27:58.077 [error] ** (BadMapError) expected a map, got: nil
    (stdlib 5.2) :maps.merge(%{}, nil)
    (next_ls 0.22.8) lib/next_ls.ex:1005: anonymous fn/2 in NextLS.handle_notification/2
    (elixir 1.17.0-dev) lib/map.ex:916: Map.update!/3
    (next_ls 0.22.8) lib/next_ls.ex:1005: NextLS.handle_notification/2
    (gen_lsp 0.10.0) lib/gen_lsp.ex:478: anonymous fn/2 in GenLSP.loop/3
    (telemetry 1.2.1) /Users/runner/work/next-ls/next-ls/deps/telemetry/src/telemetry.erl:321: :telemetry.span/3
    (gen_lsp 0.10.0) lib/gen_lsp.ex:474: anonymous fn/7 in GenLSP.loop/3
    (gen_lsp 0.10.0) lib/gen_lsp.ex:553: GenLSP.attempt/4


15:27:58.077 [debug] sent notification server -> client window/logMessage

15:27:58.077 [debug] handled notification client -> server workspace/didChangeWatchedFiles in 103µs

15:27:58.077 [debug] handled notification client -> server $/cancelRequest in 0µs

15:27:58.077 id=30 [debug] handled request client -> server textDocument/codeAction in 102µs

15:27:58.077 [debug] handled notification client -> server $/cancelRequest in 0µs

15:27:58.077 id=31 [debug] handled request client -> server textDocument/codeAction in 103µs

15:27:58.077 [debug] handled notification client -> server $/cancelRequest in 0µs

15:27:58.077 [debug] handled notification client -> server $/cancelRequest in 0µs

15:27:58.077 [debug] handled notification client -> server textDocument/didChange in 102µs

15:27:58.077 [debug] sent notification server -> client window/logMessage

15:27:58.077 id=32 [debug] handled request client -> server textDocument/documentSymbol in 307µs

15:27:58.077 id=33 [debug] handled request client -> server textDocument/codeAction in 102µs

15:27:58.077 [debug] handled notification client -> server $/cancelRequest in 0µs

15:27:58.077 id=34 [debug] handled request client -> server textDocument/codeAction in 103µs

15:27:58.077 [debug] handled notification client -> server $/cancelRequest in 0µs

15:27:58.077 [debug] handled notification client -> server $/cancelRequest in 102µs

15:27:58.077 [debug] handled notification client -> server textDocument/didChange in 0µs

15:27:58.078 [debug] sent notification server -> client window/logMessage

15:27:58.078 id=35 [debug] handled request client -> server textDocument/documentSymbol in 410µs

15:27:58.078 [debug] handled notification client -> server $/cancelRequest in 0µs

15:27:58.078 [debug] handled notification client -> server textDocument/didChange in 0µs

15:27:58.078 id=36 [debug] handled request client -> server textDocument/codeAction in 102µs

15:27:58.078 [error] ** (BadMapError) expected a map, got: nil
    (stdlib 5.2) :maps.merge(%{}, nil)
    (next_ls 0.22.8) lib/next_ls.ex:1005: anonymous fn/2 in NextLS.handle_notification/2
    (elixir 1.17.0-dev) lib/map.ex:916: Map.update!/3
    (next_ls 0.22.8) lib/next_ls.ex:1005: NextLS.handle_notification/2
    (gen_lsp 0.10.0) lib/gen_lsp.ex:478: anonymous fn/2 in GenLSP.loop/3
    (telemetry 1.2.1) /Users/runner/work/next-ls/next-ls/deps/telemetry/src/telemetry.erl:321: :telemetry.span/3
    (gen_lsp 0.10.0) lib/gen_lsp.ex:474: anonymous fn/7 in GenLSP.loop/3
    (gen_lsp 0.10.0) lib/gen_lsp.ex:553: GenLSP.attempt/4


15:27:58.078 [debug] sent notification server -> client window/logMessage

15:27:58.078 [debug] sent notification server -> client window/logMessage

15:27:58.078 id=37 [debug] handled request client -> server textDocument/documentSymbol in 307µs

15:27:58.078 [debug] handled notification client -> server $/cancelRequest in 0µs

15:27:58.078 id=38 [debug] handled request client -> server textDocument/codeAction in 102µs

15:27:58.175 [debug] handled notification client -> server workspace/didChangeWatchedFiles in 205µs

15:27:59.073 id=39 [debug] handled request client -> server textDocument/codeAction in 409µs

15:28:01.891 [debug] sent notification server -> client window/logMessage

15:28:01.891 id=40 [debug] handled request client -> server textDocument/documentSymbol in 717µs

15:28:06.316 id=41 [debug] handled request client -> server textDocument/hover in 1059ms

15:28:06.318 id=42 [debug] handled request client -> server textDocument/codeAction in 307µs

15:28:06.318 [debug] handled notification client -> server $/cancelRequest in 0µs

15:28:07.321 id=43 [debug] handled request client -> server textDocument/hover in 1003ms

15:28:07.321 [debug] handled notification client -> server $/cancelRequest in 102µs

15:28:08.962 id=44 [debug] handled request client -> server textDocument/hover in 1002ms

15:28:08.962 id=45 [debug] handled request client -> server textDocument/codeAction in 615µs

15:28:08.962 id=46 [debug] handled request client -> server textDocument/codeAction in 307µs

15:28:08.965 id=47 [debug] handled request client -> server textDocument/codeAction in 204µs

15:33:03.361 id=48 [debug] handled request client -> server textDocument/codeAction in 205µs

15:33:03.673 [debug] sent notification server -> client window/logMessage

15:33:03.673 id=49 [debug] handled request client -> server textDocument/documentSymbol in 717µs

15:33:04.366 [error] ** (BadMapError) expected a map, got: nil
    (stdlib 5.2) :maps.merge(%{}, nil)
    (next_ls 0.22.8) lib/next_ls.ex:1005: anonymous fn/2 in NextLS.handle_notification/2
    (elixir 1.17.0-dev) lib/map.ex:916: Map.update!/3
    (next_ls 0.22.8) lib/next_ls.ex:1005: NextLS.handle_notification/2
    (gen_lsp 0.10.0) lib/gen_lsp.ex:478: anonymous fn/2 in GenLSP.loop/3
    (telemetry 1.2.1) /Users/runner/work/next-ls/next-ls/deps/telemetry/src/telemetry.erl:321: :telemetry.span/3
    (gen_lsp 0.10.0) lib/gen_lsp.ex:474: anonymous fn/7 in GenLSP.loop/3
    (gen_lsp 0.10.0) lib/gen_lsp.ex:553: GenLSP.attempt/4


15:33:04.366 [debug] sent notification server -> client window/logMessage

15:33:04.698 [debug] handled notification client -> server workspace/didChangeWatchedFiles in 308µs

15:33:06.107 id=50 [debug] handled request client -> server textDocument/codeAction in 205µs

15:33:08.978 id=51 [debug] handled request client -> server textDocument/codeAction in 205µs

15:33:10.058 [debug] handled notification client -> server textDocument/didChange in 205µs

15:33:10.059 id=52 [debug] handled request client -> server textDocument/codeAction in 307µs

15:33:10.160 [debug] sent notification server -> client window/logMessage

15:33:10.160 id=53 [debug] handled request client -> server textDocument/documentSymbol in 614µs

15:33:10.361 id=54 [debug] handled request client -> server textDocument/codeAction in 308µs

15:33:10.752 [debug] handled notification client -> server textDocument/didChange in 102µs

15:33:11.588 [debug] handled notification client -> server textDocument/didChange in 205µs

15:33:11.590 id=55 [debug] handled request client -> server textDocument/codeAction in 205µs

15:33:11.693 id=56 [debug] handled request client -> server textDocument/documentSymbol in 307µs

15:33:11.915 id=57 [debug] handled request client -> server textDocument/codeAction in 102µs

15:33:15.001 [error] ** (FunctionClauseError) no function clause matching in List.first/2
    (elixir 1.17.0-dev) lib/list.ex:293: List.first(:timeout, nil)
    (next_ls 0.22.8) lib/next_ls.ex:272: NextLS.handle_request/2
    (gen_lsp 0.10.0) lib/gen_lsp.ex:350: anonymous fn/2 in GenLSP.loop/3
    (telemetry 1.2.1) /Users/runner/work/next-ls/next-ls/deps/telemetry/src/telemetry.erl:321: :telemetry.span/3
    (gen_lsp 0.10.0) lib/gen_lsp.ex:349: anonymous fn/7 in GenLSP.loop/3
    (gen_lsp 0.10.0) lib/gen_lsp.ex:553: GenLSP.attempt/4
    (stdlib 5.2) proc_lib.erl:241: :proc_lib.init_p_do_apply/3


15:33:15.001 [debug] sent notification server -> client window/logMessage

15:33:15.007 [debug] handled notification client -> server $/cancelRequest in 0µs

15:33:16.019 [error] ** (FunctionClauseError) no function clause matching in List.first/2
    (elixir 1.17.0-dev) lib/list.ex:293: List.first(:timeout, nil)
    (next_ls 0.22.8) lib/next_ls.ex:272: NextLS.handle_request/2
    (gen_lsp 0.10.0) lib/gen_lsp.ex:350: anonymous fn/2 in GenLSP.loop/3
    (telemetry 1.2.1) /Users/runner/work/next-ls/next-ls/deps/telemetry/src/telemetry.erl:321: :telemetry.span/3
    (gen_lsp 0.10.0) lib/gen_lsp.ex:349: anonymous fn/7 in GenLSP.loop/3
    (gen_lsp 0.10.0) lib/gen_lsp.ex:553: GenLSP.attempt/4
    (stdlib 5.2) proc_lib.erl:241: :proc_lib.init_p_do_apply/3


15:33:16.019 [debug] sent notification server -> client window/logMessage

15:33:16.020 [error] ** (BadMapError) expected a map, got: nil
    (stdlib 5.2) :maps.merge(%{}, nil)
    (next_ls 0.22.8) lib/next_ls.ex:1005: anonymous fn/2 in NextLS.handle_notification/2
    (elixir 1.17.0-dev) lib/map.ex:916: Map.update!/3
    (next_ls 0.22.8) lib/next_ls.ex:1005: NextLS.handle_notification/2
    (gen_lsp 0.10.0) lib/gen_lsp.ex:478: anonymous fn/2 in GenLSP.loop/3
    (telemetry 1.2.1) /Users/runner/work/next-ls/next-ls/deps/telemetry/src/telemetry.erl:321: :telemetry.span/3
    (gen_lsp 0.10.0) lib/gen_lsp.ex:474: anonymous fn/7 in GenLSP.loop/3
    (gen_lsp 0.10.0) lib/gen_lsp.ex:553: GenLSP.attempt/4


15:33:16.020 [debug] sent notification server -> client window/logMessage

15:33:16.020 [debug] handled notification client -> server workspace/didChangeWatchedFiles in 204µs

15:33:16.020 id=60 [debug] handled request client -> server textDocument/documentSymbol in 205µs

15:40:01.360 [info] Loading 71 CA(s) from :otp store

15:40:01.599 id=0 [debug] handled request client -> server initialize in 115ms

15:40:01.608 [debug] sent notification server -> client window/logMessage

15:40:01.613 [debug] NextLS v0.22.8 has initialized!

15:40:01.613 [debug] sent notification server -> client window/logMessage

15:40:01.613 [debug] Log file located at g:/source/elixir/bck_gammon_app/.elixir-tools/next-ls.log

15:40:01.616 [debug] sent notification server -> client window/logMessage

15:40:01.616 id=2 [debug] sent request server -> client client/registerCapability

15:40:01.616 [info] [extension] Credo initializing with options %NextLS.InitOpts.Extensions.Credo{enable: true, cli_options: []}

15:40:02.355 [debug] sent notification server -> client window/showMessage

15:40:02.357 [debug] sent notification server -> client window/logMessage

15:40:02.357 [info] Downloaded 0.23.2 of Next LS

15:40:22.156 [debug] sent notification server -> client window/logMessage

15:40:22.156 [debug] Booting runtimes...

15:40:22.164 id=259 [debug] sent request server -> client window/workDoneProgress/create

15:40:22.169 [debug] sent notification server -> client $/progress

15:40:22.187 [debug] sent notification server -> client window/logMessage

15:40:22.187 [info] Beginning DB migration...

15:40:22.195 [debug] sent notification server -> client window/logMessage

15:40:22.195 [info] Database is on the latest version: 7

15:40:22.195 [debug] sent notification server -> client window/logMessage

15:40:22.195 [info] Finished DB migration...

15:40:22.201 [error] ** (MatchError) no match of right hand side value: {:error, {:shutdown, {:failed_to_start_child, NextLS.Runtime, {:badarg, [{NextLS.Runtime, :init, 1, [file: ~c"lib/next_ls/runtime.ex", line: 134, error_info: %{cause: {1, :binary, :type, nil}, function: :format_bs_fail, module: :erl_erts_errors}]}, {:gen_server, :init_it, 2, [file: ~c"gen_server.erl", line: 980]}, {:gen_server, :init_it, 6, [file: ~c"gen_server.erl", line: 935]}, {:proc_lib, :init_p_do_apply, 3, [file: ~c"proc_lib.erl", line: 241]}]}}}}
    (next_ls 0.22.8) lib/next_ls.ex:924: anonymous fn/5 in NextLS.handle_notification/2
    (elixir 1.17.0-dev) lib/enum.ex:2531: Enum."-reduce/3-lists^foldl/2-0-"/3
    (next_ls 0.22.8) lib/next_ls.ex:919: NextLS.handle_notification/2
    (gen_lsp 0.10.0) lib/gen_lsp.ex:478: anonymous fn/2 in GenLSP.loop/3
    (telemetry 1.2.1) /Users/runner/work/next-ls/next-ls/deps/telemetry/src/telemetry.erl:321: :telemetry.span/3
    (gen_lsp 0.10.0) lib/gen_lsp.ex:474: anonymous fn/7 in GenLSP.loop/3
    (gen_lsp 0.10.0) lib/gen_lsp.ex:553: GenLSP.attempt/4
    (stdlib 5.2) proc_lib.erl:241: :proc_lib.init_p_do_apply/3


15:40:22.201 [debug] sent notification server -> client window/logMessage

15:40:22.204 [debug] handled notification client -> server textDocument/didOpen in 2ms

15:40:22.212 id=1 [debug] handled request client -> server textDocument/documentSymbol in 8ms

15:40:22.212 id=2 [debug] handled request client -> server textDocument/documentSymbol in 103µs

15:40:40.201 id=3 [debug] handled request client -> server textDocument/codeAction in 23ms

15:41:05.428 id=4 [debug] handled request client -> server shutdown in 1ms

15:44:15.402 [info] Loading 71 CA(s) from :otp store

15:44:15.823 id=0 [debug] handled request client -> server initialize in 214ms

15:44:15.856 [debug] sent notification server -> client window/logMessage

15:44:15.865 [debug] NextLS v0.22.8 has initialized!

15:44:15.866 [debug] sent notification server -> client window/logMessage

15:44:15.866 [debug] Log file located at g:/source/elixir/bck_gammon_app/.elixir-tools/next-ls.log

15:44:15.869 [debug] sent notification server -> client window/logMessage

15:44:15.869 id=130 [debug] sent request server -> client client/registerCapability

15:44:15.869 [info] [extension] Credo initializing with options %NextLS.InitOpts.Extensions.Credo{enable: true, cli_options: []}

15:44:17.268 [debug] sent notification server -> client window/showMessage

15:44:17.270 [debug] sent notification server -> client window/logMessage

15:44:17.270 [info] Downloaded 0.23.2 of Next LS

15:44:50.428 [debug] sent notification server -> client window/logMessage

15:44:50.428 [debug] Booting runtimes...

15:44:50.439 id=3 [debug] sent request server -> client window/workDoneProgress/create

15:44:50.449 [debug] sent notification server -> client $/progress

15:44:50.476 [debug] sent notification server -> client window/logMessage

15:44:50.476 [info] Beginning DB migration...

15:44:50.486 [debug] sent notification server -> client window/logMessage

15:44:50.486 [info] Database is on the latest version: 7

15:44:50.486 [debug] sent notification server -> client window/logMessage

15:44:50.486 [info] Finished DB migration...

15:44:50.495 [error] ** (MatchError) no match of right hand side value: {:error, {:shutdown, {:failed_to_start_child, NextLS.Runtime, {:badarg, [{NextLS.Runtime, :init, 1, [file: ~c"lib/next_ls/runtime.ex", line: 134, error_info: %{cause: {1, :binary, :type, nil}, function: :format_bs_fail, module: :erl_erts_errors}]}, {:gen_server, :init_it, 2, [file: ~c"gen_server.erl", line: 980]}, {:gen_server, :init_it, 6, [file: ~c"gen_server.erl", line: 935]}, {:proc_lib, :init_p_do_apply, 3, [file: ~c"proc_lib.erl", line: 241]}]}}}}
    (next_ls 0.22.8) lib/next_ls.ex:924: anonymous fn/5 in NextLS.handle_notification/2
    (elixir 1.17.0-dev) lib/enum.ex:2531: Enum."-reduce/3-lists^foldl/2-0-"/3
    (next_ls 0.22.8) lib/next_ls.ex:919: NextLS.handle_notification/2
    (gen_lsp 0.10.0) lib/gen_lsp.ex:478: anonymous fn/2 in GenLSP.loop/3
    (telemetry 1.2.1) /Users/runner/work/next-ls/next-ls/deps/telemetry/src/telemetry.erl:321: :telemetry.span/3
    (gen_lsp 0.10.0) lib/gen_lsp.ex:474: anonymous fn/7 in GenLSP.loop/3
    (gen_lsp 0.10.0) lib/gen_lsp.ex:553: GenLSP.attempt/4
    (stdlib 5.2) proc_lib.erl:241: :proc_lib.init_p_do_apply/3


15:44:50.495 [debug] sent notification server -> client window/logMessage

15:44:50.500 [debug] handled notification client -> server textDocument/didOpen in 4ms

15:44:50.517 id=1 [debug] handled request client -> server textDocument/documentSymbol in 17ms

15:44:50.517 id=2 [debug] handled request client -> server textDocument/documentSymbol in 205µs

15:44:50.522 [debug] handled notification client -> server $/cancelRequest in 4ms

15:44:50.523 [debug] handled notification client -> server $/cancelRequest in 0µs

15:44:50.565 id=3 [debug] handled request client -> server textDocument/codeAction in 42ms

15:44:50.565 id=4 [debug] handled request client -> server textDocument/documentSymbol in 307µs

15:44:50.565 [debug] handled notification client -> server $/cancelRequest in 102µs

15:44:50.565 id=5 [debug] handled request client -> server textDocument/documentSymbol in 205µs

15:44:50.565 [debug] handled notification client -> server $/cancelRequest in 102µs

15:44:50.565 [debug] handled notification client -> server $/cancelRequest in 0µs

15:44:50.566 id=6 [debug] handled request client -> server textDocument/codeAction in 308µs

15:44:50.566 id=7 [debug] handled request client -> server textDocument/documentSymbol in 204µs

15:44:50.566 [debug] handled notification client -> server $/cancelRequest in 103µs

15:44:50.566 id=8 [debug] handled request client -> server textDocument/documentSymbol in 102µs

15:44:50.659 [debug] handled notification client -> server $/setTrace in 24ms

15:54:36.745 id=9 [debug] handled request client -> server textDocument/codeAction in 307µs

15:54:37.046 id=10 [debug] handled request client -> server textDocument/documentSymbol in 205µs
